SDK 2026/04/21 00:08:43 WARN falling back to IMDSv1: operation error ec2imds: getToken, http response error StatusCode: 404, request to EC2 IMDS failed
{"level":"error","ts":1776730123.6553307,"caller":"util/util.go:117","msg":"failed to load secrets from AWS; falling back to local file: failed to get secret \"prod/factor\" from Secrets Manager: operation error Secrets Manager: GetSecretValue, get identity: get credentials: failed to refresh cached credentials, no EC2 IMDS role found, operation error ec2imds: GetMetadata, http response error StatusCode: 404, request to EC2 IMDS failed","ALPHA_ENV":"test","stacktrace":"factorbacktest/internal/util.LoadSecrets\n\t/home/node/wt/frontend-e2e/internal/util/util.go:117\nfactorbacktest/cmd.InitializeDependencies\n\t/home/node/wt/frontend-e2e/cmd/util.go:33\nmain.main\n\t/home/node/wt/frontend-e2e/cmd/api/main.go:13\nruntime.main\n\t/home/node/go/pkg/mod/golang.org/toolchain@v0.0.1-go1.25.0.linux-amd64/src/runtime/proc.go:285"}
[GIN-debug] [WARNING] Running in "debug" mode. Switch to "release" mode in production.
 - using env:	export GIN_MODE=release
 - using code:	gin.SetMode(gin.ReleaseMode)

[GIN-debug] GET    /                         --> factorbacktest/api.ApiHandler.InitializeRouterEngine.func3 (8 handlers)
[GIN-debug] POST   /backtest                 --> factorbacktest/api.ApiHandler.backtest-fm (8 handlers)
[GIN-debug] POST   /benchmark                --> factorbacktest/api.ApiHandler.benchmark-fm (8 handlers)
[GIN-debug] POST   /contact                  --> factorbacktest/api.ApiHandler.contact-fm (8 handlers)
[GIN-debug] POST   /constructFactorEquation  --> factorbacktest/api.ApiHandler.constructFactorEquation-fm (8 handlers)
[GIN-debug] GET    /usageStats               --> factorbacktest/api.ApiHandler.InitializeRouterEngine.func4 (8 handlers)
[GIN-debug] GET    /assetUniverses           --> factorbacktest/api.ApiHandler.getAssetUniverses-fm (8 handlers)
[GIN-debug] POST   /backtestBondPortfolio    --> factorbacktest/api.ApiHandler.backtestBondPortfolio-fm (8 handlers)
[GIN-debug] POST   /updatePrices             --> factorbacktest/api.ApiHandler.updatePrices-fm (8 handlers)
[GIN-debug] POST   /addAssetsToUniverse      --> factorbacktest/api.ApiHandler.addAssetsToUniverse-fm (8 handlers)
[GIN-debug] POST   /bookmarkStrategy         --> factorbacktest/api.ApiHandler.bookmarkStrategy-fm (8 handlers)
[GIN-debug] POST   /isStrategyBookmarked     --> factorbacktest/api.ApiHandler.isStrategyBookmarked-fm (8 handlers)
[GIN-debug] GET    /savedStrategies          --> factorbacktest/api.ApiHandler.getSavedStrategies-fm (8 handlers)
[GIN-debug] POST   /investInStrategy         --> factorbacktest/api.ApiHandler.investInStrategy-fm (8 handlers)
[GIN-debug] GET    /activeInvestments        --> factorbacktest/api.ApiHandler.getInvestments-fm (8 handlers)
[GIN-debug] GET    /publishedStrategies      --> factorbacktest/api.ApiHandler.getPublishedStrategies-fm (8 handlers)
[GIN-debug] POST   /rebalance                --> factorbacktest/api.ApiHandler.rebalance-fm (8 handlers)
[GIN-debug] POST   /updateOrders             --> factorbacktest/api.ApiHandler.updateOrders-fm (8 handlers)
[GIN-debug] POST   /sendSavedStrategySummaryEmails --> factorbacktest/api.ApiHandler.sendSavedStrategySummaryEmails-fm (8 handlers)
[GIN-debug] [WARNING] You trusted all proxies, this is NOT safe. We recommend you to set a value.
Please check https://pkg.go.dev/github.com/gin-gonic/gin#readme-don-t-trust-all-proxies for details.
[GIN-debug] Listening and serving HTTP on :3009
[GIN-debug] [ERROR] listen tcp :3009: bind: address already in use
2026/04/21 00:08:43 listen tcp :3009: bind: address already in use
exit status 1
